Build started 2/9/2016 3:46:55 PM.
     1>Project "C:\Users\Sean\OneDrive\Sean Webster UML School Files\Computer Vision\CV\CV\CV.vcxproj" on node 2 (Build target(s)).
     1>ClCompile:
         C:\Program Files (x86)\Microsoft Visual Studio 14.0\VC\bin\CL.exe /c /ZI /nologo /W3 /WX- /Od /Oy- /D WIN32 /D _DEBUG /D _CONSOLE /D _UNICODE /D UNICODE /Gm /EHsc /RTC1 /MDd /GS /fp:precise /Zc:wchar_t /Zc:forScope /Zc:inline /Fo"Debug\\" /Fd"Debug\vc140.pdb" /Gd /TC /analyze- /errorReport:prompt Main.c
         Main.c
     1>c:\users\sean\onedrive\sean webster uml school files\computer vision\cv\cv\main.c(22): warning C4996: 'strcpy': This function or variable may be unsafe. Consider using strcpy_s instead. To disable deprecation, use _CRT_SECURE_NO_WARNINGS. See online help for details.
         c:\program files (x86)\windows kits\10\include\10.0.10150.0\ucrt\string.h(119): note: see declaration of 'strcpy'
     1>c:\users\sean\onedrive\sean webster uml school files\computer vision\cv\cv\main.c(23): warning C4996: 'strcpy': This function or variable may be unsafe. Consider using strcpy_s instead. To disable deprecation, use _CRT_SECURE_NO_WARNINGS. See online help for details.
         c:\program files (x86)\windows kits\10\include\10.0.10150.0\ucrt\string.h(119): note: see declaration of 'strcpy'
     1>c:\users\sean\onedrive\sean webster uml school files\computer vision\cv\cv\main.c(24): warning C4996: 'strcat': This function or variable may be unsafe. Consider using strcat_s instead. To disable deprecation, use _CRT_SECURE_NO_WARNINGS. See online help for details.
         c:\program files (x86)\windows kits\10\include\10.0.10150.0\ucrt\string.h(90): note: see declaration of 'strcat'
     1>c:\users\sean\onedrive\sean webster uml school files\computer vision\cv\cv\main.c(25): warning C4996: 'strcpy': This function or variable may be unsafe. Consider using strcpy_s instead. To disable deprecation, use _CRT_SECURE_NO_WARNINGS. See online help for details.
         c:\program files (x86)\windows kits\10\include\10.0.10150.0\ucrt\string.h(119): note: see declaration of 'strcpy'
     1>c:\users\sean\onedrive\sean webster uml school files\computer vision\cv\cv\main.c(26): warning C4996: 'strcat': This function or variable may be unsafe. Consider using strcat_s instead. To disable deprecation, use _CRT_SECURE_NO_WARNINGS. See online help for details.
         c:\program files (x86)\windows kits\10\include\10.0.10150.0\ucrt\string.h(90): note: see declaration of 'strcat'
     1>c:\users\sean\onedrive\sean webster uml school files\computer vision\cv\cv\main.c(27): warning C4996: 'fopen': This function or variable may be unsafe. Consider using fopen_s instead. To disable deprecation, use _CRT_SECURE_NO_WARNINGS. See online help for details.
         c:\program files (x86)\windows kits\10\include\10.0.10150.0\ucrt\stdio.h(205): note: see declaration of 'fopen'
     1>c:\users\sean\onedrive\sean webster uml school files\computer vision\cv\cv\main.c(28): warning C4996: 'fopen': This function or variable may be unsafe. Consider using fopen_s instead. To disable deprecation, use _CRT_SECURE_NO_WARNINGS. See online help for details.
         c:\program files (x86)\windows kits\10\include\10.0.10150.0\ucrt\stdio.h(205): note: see declaration of 'fopen'
     1>c:\users\sean\onedrive\sean webster uml school files\computer vision\cv\cv\main.c(31): warning C4996: 'fopen': This function or variable may be unsafe. Consider using fopen_s instead. To disable deprecation, use _CRT_SECURE_NO_WARNINGS. See online help for details.
         c:\program files (x86)\windows kits\10\include\10.0.10150.0\ucrt\stdio.h(205): note: see declaration of 'fopen'
     1>c:\users\sean\onedrive\sean webster uml school files\computer vision\cv\cv\main.c(67): warning C4047: 'function': 'unsigned char *' differs in levels of indirection from 'unsigned char **'
     1>c:\users\sean\onedrive\sean webster uml school files\computer vision\cv\cv\main.c(67): warning C4024: 'ModImage': different types for formal and actual parameter 4
       Link:
         C:\Program Files (x86)\Microsoft Visual Studio 14.0\VC\bin\link.exe /ERRORREPORT:PROMPT /OUT:"C:\Users\Sean\OneDrive\Sean Webster UML School Files\Computer Vision\CV\Debug\CV.exe" /INCREMENTAL /NOLOGO kernel32.lib user32.lib gdi32.lib winspool.lib comdlg32.lib advapi32.lib shell32.lib ole32.lib oleaut32.lib uuid.lib odbc32.lib odbccp32.lib /MANIFEST /MANIFESTUAC:"level='asInvoker' uiAccess='false'" /manifest:embed /Debug /PDB:"C:\Users\Sean\OneDrive\Sean Webster UML School Files\Computer Vision\CV\Debug\CV.pdb" /SUBSYSTEM:CONSOLE /TLBID:1 /DYNAMICBASE /NXCOMPAT /IMPLIB:"C:\Users\Sean\OneDrive\Sean Webster UML School Files\Computer Vision\CV\Debug\CV.lib" /MACHINE:X86 Debug\Main.obj
         CV.vcxproj -> C:\Users\Sean\OneDrive\Sean Webster UML School Files\Computer Vision\CV\Debug\CV.exe
     1>Done Building Project "C:\Users\Sean\OneDrive\Sean Webster UML School Files\Computer Vision\CV\CV\CV.vcxproj" (Build target(s)).

Build succeeded.

Time Elapsed 00:00:00.40
